0 info it worked if it ends with ok
1 verbose cli [ 'C:\\Program Files\\nodejs\\node.exe',
1 verbose cli   'C:\\Program Files\\nodejs\\node_modules\\npm\\bin\\npm-cli.js',
1 verbose cli   'install',
1 verbose cli   'express',
1 verbose cli   'socket.io',
1 verbose cli   'twilio',
1 verbose cli   '--save' ]
2 info using npm@3.10.10
3 info using node@v6.11.0
4 silly loadCurrentTree Starting
5 silly install loadCurrentTree
6 silly install readLocalPackageData
7 silly fetchPackageMetaData express
8 silly fetchPackageMetaData socket.io
9 silly fetchPackageMetaData twilio
10 silly fetchNamedPackageData express
11 silly mapToRegistry name express
12 silly mapToRegistry using default registry
13 silly mapToRegistry registry https://registry.npmjs.org/
14 silly mapToRegistry data Result {
14 silly mapToRegistry   raw: 'express',
14 silly mapToRegistry   scope: null,
14 silly mapToRegistry   escapedName: 'express',
14 silly mapToRegistry   name: 'express',
14 silly mapToRegistry   rawSpec: '',
14 silly mapToRegistry   spec: 'latest',
14 silly mapToRegistry   type: 'tag' }
15 silly mapToRegistry uri https://registry.npmjs.org/express
16 silly fetchNamedPackageData socket.io
17 silly mapToRegistry name socket.io
18 silly mapToRegistry using default registry
19 silly mapToRegistry registry https://registry.npmjs.org/
20 silly mapToRegistry data Result {
20 silly mapToRegistry   raw: 'socket.io',
20 silly mapToRegistry   scope: null,
20 silly mapToRegistry   escapedName: 'socket.io',
20 silly mapToRegistry   name: 'socket.io',
20 silly mapToRegistry   rawSpec: '',
20 silly mapToRegistry   spec: 'latest',
20 silly mapToRegistry   type: 'tag' }
21 silly mapToRegistry uri https://registry.npmjs.org/socket.io
22 silly fetchNamedPackageData twilio
23 silly mapToRegistry name twilio
24 silly mapToRegistry using default registry
25 silly mapToRegistry registry https://registry.npmjs.org/
26 silly mapToRegistry data Result {
26 silly mapToRegistry   raw: 'twilio',
26 silly mapToRegistry   scope: null,
26 silly mapToRegistry   escapedName: 'twilio',
26 silly mapToRegistry   name: 'twilio',
26 silly mapToRegistry   rawSpec: '',
26 silly mapToRegistry   spec: 'latest',
26 silly mapToRegistry   type: 'tag' }
27 silly mapToRegistry uri https://registry.npmjs.org/twilio
28 verbose request uri https://registry.npmjs.org/twilio
29 verbose request no auth needed
30 info attempt registry request try #1 at 4:47:44 PM
31 verbose request id 8d41df467d7fe47d
32 http request GET https://registry.npmjs.org/twilio
33 verbose request uri https://registry.npmjs.org/express
34 verbose request no auth needed
35 info attempt registry request try #1 at 4:47:44 PM
36 verbose etag W/"598a3dc1-8ea67"
37 verbose lastModified Tue, 08 Aug 2017 22:40:01 GMT
38 http request GET https://registry.npmjs.org/express
39 verbose request uri https://registry.npmjs.org/socket.io
40 verbose request no auth needed
41 info attempt registry request try #1 at 4:47:44 PM
42 verbose etag W/"59897b58-289c2"
43 verbose lastModified Tue, 08 Aug 2017 08:50:32 GMT
44 http request GET https://registry.npmjs.org/socket.io
45 http 200 https://registry.npmjs.org/twilio
46 verbose headers { server: 'nginx/1.10.1',
46 verbose headers   'content-type': 'application/json',
46 verbose headers   'last-modified': 'Thu, 10 Aug 2017 23:36:28 GMT',
46 verbose headers   etag: 'W/"598cedfc-24574"',
46 verbose headers   'content-encoding': 'gzip',
46 verbose headers   'cache-control': 'max-age=300',
46 verbose headers   'content-length': '13171',
46 verbose headers   'accept-ranges': 'bytes',
46 verbose headers   date: 'Mon, 14 Aug 2017 20:47:44 GMT',
46 verbose headers   via: '1.1 varnish',
46 verbose headers   age: '0',
46 verbose headers   connection: 'keep-alive',
46 verbose headers   'x-served-by': 'cache-dca17739-DCA',
46 verbose headers   'x-cache': 'HIT',
46 verbose headers   'x-cache-hits': '1',
46 verbose headers   'x-timer': 'S1502743665.841597,VS0,VE7',
46 verbose headers   vary: 'Accept-Encoding, Accept' }
47 silly get cb [ 200,
47 silly get   { server: 'nginx/1.10.1',
47 silly get     'content-type': 'application/json',
47 silly get     'last-modified': 'Thu, 10 Aug 2017 23:36:28 GMT',
47 silly get     etag: 'W/"598cedfc-24574"',
47 silly get     'content-encoding': 'gzip',
47 silly get     'cache-control': 'max-age=300',
47 silly get     'content-length': '13171',
47 silly get     'accept-ranges': 'bytes',
47 silly get     date: 'Mon, 14 Aug 2017 20:47:44 GMT',
47 silly get     via: '1.1 varnish',
47 silly get     age: '0',
47 silly get     connection: 'keep-alive',
47 silly get     'x-served-by': 'cache-dca17739-DCA',
47 silly get     'x-cache': 'HIT',
47 silly get     'x-cache-hits': '1',
47 silly get     'x-timer': 'S1502743665.841597,VS0,VE7',
47 silly get     vary: 'Accept-Encoding, Accept' } ]
48 verbose get saving twilio to C:\Users\madhu\AppData\Roaming\npm-cache\registry.npmjs.org\twilio\.cache.json
49 verbose correctMkdir C:\Users\madhu\AppData\Roaming\npm-cache correctMkdir not in flight; initializing
50 http 200 https://registry.npmjs.org/socket.io
51 verbose headers { server: 'nginx/1.10.1',
51 verbose headers   'content-type': 'application/json',
51 verbose headers   'last-modified': 'Fri, 11 Aug 2017 12:23:08 GMT',
51 verbose headers   etag: 'W/"598da1ac-289d3"',
51 verbose headers   'content-encoding': 'gzip',
51 verbose headers   'cache-control': 'max-age=300',
51 verbose headers   'content-length': '19990',
51 verbose headers   'accept-ranges': 'bytes',
51 verbose headers   date: 'Mon, 14 Aug 2017 20:47:44 GMT',
51 verbose headers   via: '1.1 varnish',
51 verbose headers   age: '209',
51 verbose headers   connection: 'keep-alive',
51 verbose headers   'x-served-by': 'cache-dca17744-DCA',
51 verbose headers   'x-cache': 'HIT',
51 verbose headers   'x-cache-hits': '1',
51 verbose headers   'x-timer': 'S1502743665.946401,VS0,VE0',
51 verbose headers   vary: 'Accept-Encoding, Accept' }
52 silly get cb [ 200,
52 silly get   { server: 'nginx/1.10.1',
52 silly get     'content-type': 'application/json',
52 silly get     'last-modified': 'Fri, 11 Aug 2017 12:23:08 GMT',
52 silly get     etag: 'W/"598da1ac-289d3"',
52 silly get     'content-encoding': 'gzip',
52 silly get     'cache-control': 'max-age=300',
52 silly get     'content-length': '19990',
52 silly get     'accept-ranges': 'bytes',
52 silly get     date: 'Mon, 14 Aug 2017 20:47:44 GMT',
52 silly get     via: '1.1 varnish',
52 silly get     age: '209',
52 silly get     connection: 'keep-alive',
52 silly get     'x-served-by': 'cache-dca17744-DCA',
52 silly get     'x-cache': 'HIT',
52 silly get     'x-cache-hits': '1',
52 silly get     'x-timer': 'S1502743665.946401,VS0,VE0',
52 silly get     vary: 'Accept-Encoding, Accept' } ]
53 verbose get saving socket.io to C:\Users\madhu\AppData\Roaming\npm-cache\registry.npmjs.org\socket.io\.cache.json
54 verbose correctMkdir C:\Users\madhu\AppData\Roaming\npm-cache correctMkdir not in flight; initializing
55 http 200 https://registry.npmjs.org/express
56 verbose headers { server: 'nginx/1.10.1',
56 verbose headers   'content-type': 'application/json',
56 verbose headers   'last-modified': 'Sun, 13 Aug 2017 22:22:25 GMT',
56 verbose headers   etag: 'W/"5990d121-8ea9e"',
56 verbose headers   'content-encoding': 'gzip',
56 verbose headers   'cache-control': 'max-age=300',
56 verbose headers   'content-length': '44847',
56 verbose headers   'accept-ranges': 'bytes',
56 verbose headers   date: 'Mon, 14 Aug 2017 20:47:44 GMT',
56 verbose headers   via: '1.1 varnish',
56 verbose headers   age: '204',
56 verbose headers   connection: 'keep-alive',
56 verbose headers   'x-served-by': 'cache-dca17723-DCA',
56 verbose headers   'x-cache': 'HIT',
56 verbose headers   'x-cache-hits': '2',
56 verbose headers   'x-timer': 'S1502743665.872834,VS0,VE0',
56 verbose headers   vary: 'Accept-Encoding, Accept' }
57 silly get cb [ 200,
57 silly get   { server: 'nginx/1.10.1',
57 silly get     'content-type': 'application/json',
57 silly get     'last-modified': 'Sun, 13 Aug 2017 22:22:25 GMT',
57 silly get     etag: 'W/"5990d121-8ea9e"',
57 silly get     'content-encoding': 'gzip',
57 silly get     'cache-control': 'max-age=300',
57 silly get     'content-length': '44847',
57 silly get     'accept-ranges': 'bytes',
57 silly get     date: 'Mon, 14 Aug 2017 20:47:44 GMT',
57 silly get     via: '1.1 varnish',
57 silly get     age: '204',
57 silly get     connection: 'keep-alive',
57 silly get     'x-served-by': 'cache-dca17723-DCA',
57 silly get     'x-cache': 'HIT',
57 silly get     'x-cache-hits': '2',
57 silly get     'x-timer': 'S1502743665.872834,VS0,VE0',
57 silly get     vary: 'Accept-Encoding, Accept' } ]
58 verbose get saving express to C:\Users\madhu\AppData\Roaming\npm-cache\registry.npmjs.org\express\.cache.json
59 verbose correctMkdir C:\Users\madhu\AppData\Roaming\npm-cache correctMkdir not in flight; initializing
60 silly install normalizeTree
61 silly loadCurrentTree Finishing
62 silly loadIdealTree Starting
63 silly install loadIdealTree
64 silly cloneCurrentTree Starting
65 silly install cloneCurrentTreeToIdealTree
66 silly cloneCurrentTree Finishing
67 silly loadShrinkwrap Starting
68 silly install loadShrinkwrap
69 silly loadShrinkwrap Finishing
70 silly loadAllDepsIntoIdealTree Starting
71 silly install loadAllDepsIntoIdealTree
72 silly rollbackFailedOptional Starting
73 silly rollbackFailedOptional Finishing
74 silly runTopLevelLifecycles Finishing
75 silly install printInstalled
76 verbose stack Error: Refusing to install twilio as a dependency of itself
76 verbose stack     at checkSelf (C:\Program Files\nodejs\node_modules\npm\lib\install\validate-args.js:53:14)
76 verbose stack     at Array.<anonymous> (C:\Program Files\nodejs\node_modules\npm\node_modules\slide\lib\bind-actor.js:15:8)
76 verbose stack     at LOOP (C:\Program Files\nodejs\node_modules\npm\node_modules\slide\lib\chain.js:15:14)
76 verbose stack     at chain (C:\Program Files\nodejs\node_modules\npm\node_modules\slide\lib\chain.js:20:5)
76 verbose stack     at C:\Program Files\nodejs\node_modules\npm\lib\install\validate-args.js:16:5
76 verbose stack     at C:\Program Files\nodejs\node_modules\npm\node_modules\slide\lib\async-map.js:52:35
76 verbose stack     at Array.forEach (native)
76 verbose stack     at C:\Program Files\nodejs\node_modules\npm\node_modules\slide\lib\async-map.js:52:11
76 verbose stack     at Array.forEach (native)
76 verbose stack     at asyncMap (C:\Program Files\nodejs\node_modules\npm\node_modules\slide\lib\async-map.js:51:8)
77 verbose cwd C:\Users\madhu\Desktop\twilio
78 error Windows_NT 10.0.15063
79 error argv "C:\\Program Files\\nodejs\\node.exe" "C:\\Program Files\\nodejs\\node_modules\\npm\\bin\\npm-cli.js" "install" "express" "socket.io" "twilio" "--save"
80 error node v6.11.0
81 error npm  v3.10.10
82 error code ENOSELF
83 error Refusing to install twilio as a dependency of itself
84 error If you need help, you may report this error at:
84 error     <https://github.com/npm/npm/issues>
85 verbose exit [ 1, true ]
